app/build/intermediates/manifest_merge_blame_file/debug/manifest-merger-blame-debug-report.txt
1<?xml version="1.0" encoding="utf-8"?>
2<manifest xmlns:android="http://schemas.android.com/apk/res/android"
3    package="com.example.practica1compiladores1"
4    android:versionCode="1"
5    android:versionName="1.0" >
6
7    <uses-sdk
8        android:minSdkVersion="21"
8-->src/main/AndroidManifest.xml
9        android:targetSdkVersion="31" />
9-->src/main/AndroidManifest.xml
10
11    <uses-permission android:name="android.permission.REORDER_TASKS" />
11-->[androidx.test:core:1.4.0] AndroidManifest.xml:24:5-72
11-->[androidx.test:core:1.4.0] AndroidManifest.xml:24:22-69
12
13    <application
13-->src/main/AndroidManifest.xml:5:5-24:19
14        android:name="com.example.practica1compiladores1.modelo.Globals"
14-->src/main/AndroidManifest.xml:12:9-39
15        android:allowBackup="true"
15-->src/main/AndroidManifest.xml:6:9-35
16        android:appComponentFactory="androidx.core.app.CoreComponentFactory"
16-->[androidx.core:core:1.7.0] AndroidManifest.xml:24:18-86
17        android:debuggable="true"
18        android:icon="@mipmap/ic_launcher"
18-->src/main/AndroidManifest.xml:7:9-43
19        android:label="@string/app_name"
19-->src/main/AndroidManifest.xml:8:9-41
20        android:roundIcon="@mipmap/ic_launcher_round"
20-->src/main/AndroidManifest.xml:9:9-54
21        android:supportsRtl="true"
21-->src/main/AndroidManifest.xml:10:9-35
22        android:theme="@style/Theme.Practica1Compiladores1" >
22-->src/main/AndroidManifest.xml:11:9-60
23        <activity
23-->src/main/AndroidManifest.xml:13:9-23:20
24            android:name="com.example.practica1compiladores1.MainActivity"
24-->src/main/AndroidManifest.xml:14:13-41
25            android:exported="true"
25-->src/main/AndroidManifest.xml:15:13-36
26            android:label="@string/app_name"
26-->src/main/AndroidManifest.xml:16:13-45
27            android:theme="@style/Theme.Practica1Compiladores1.NoActionBar" >
27-->src/main/AndroidManifest.xml:17:13-76
28            <intent-filter>
28-->src/main/AndroidManifest.xml:18:13-22:29
29                <action android:name="android.intent.action.MAIN" />
29-->src/main/AndroidManifest.xml:19:17-69
29-->src/main/AndroidManifest.xml:19:25-66
30
31                <category android:name="android.intent.category.LAUNCHER" />
31-->src/main/AndroidManifest.xml:21:17-77
31-->src/main/AndroidManifest.xml:21:27-74
32            </intent-filter>
33        </activity>
34
35        <uses-library
35-->[androidx.window:window:1.0.0] AndroidManifest.xml:25:9-27:40
36            android:name="androidx.window.extensions"
36-->[androidx.window:window:1.0.0] AndroidManifest.xml:26:13-54
37            android:required="false" />
37-->[androidx.window:window:1.0.0] AndroidManifest.xml:27:13-37
38        <uses-library
38-->[androidx.window:window:1.0.0] AndroidManifest.xml:28:9-30:40
39            android:name="androidx.window.sidecar"
39-->[androidx.window:window:1.0.0] AndroidManifest.xml:29:13-51
40            android:required="false" />
40-->[androidx.window:window:1.0.0] AndroidManifest.xml:30:13-37
41
42        <provider
42-->[androidx.emoji2:emoji2:1.0.0] AndroidManifest.xml:26:9-34:20
43            android:name="androidx.startup.InitializationProvider"
43-->[androidx.emoji2:emoji2:1.0.0] AndroidManifest.xml:27:13-67
44            android:authorities="com.example.practica1compiladores1.androidx-startup"
44-->[androidx.emoji2:emoji2:1.0.0] AndroidManifest.xml:28:13-68
45            android:exported="false" >
45-->[androidx.emoji2:emoji2:1.0.0] AndroidManifest.xml:29:13-37
46            <meta-data
46-->[androidx.emoji2:emoji2:1.0.0] AndroidManifest.xml:31:13-33:52
47                android:name="androidx.emoji2.text.EmojiCompatInitializer"
47-->[androidx.emoji2:emoji2:1.0.0] AndroidManifest.xml:32:17-75
48                android:value="androidx.startup" />
48-->[androidx.emoji2:emoji2:1.0.0] AndroidManifest.xml:33:17-49
49            <meta-data
49-->[androidx.lifecycle:lifecycle-process:2.4.0] AndroidManifest.xml:31:13-33:52
50                android:name="androidx.lifecycle.ProcessLifecycleInitializer"
50-->[androidx.lifecycle:lifecycle-process:2.4.0] AndroidManifest.xml:32:17-78
51                android:value="androidx.startup" />
51-->[androidx.lifecycle:lifecycle-process:2.4.0] AndroidManifest.xml:33:17-49
52        </provider>
53
54        <activity
54-->[androidx.test:core:1.4.0] AndroidManifest.xml:27:9-34:20
55            android:name="androidx.test.core.app.InstrumentationActivityInvoker$BootstrapActivity"
55-->[androidx.test:core:1.4.0] AndroidManifest.xml:28:13-99
56            android:exported="true"
56-->[androidx.test:core:1.4.0] AndroidManifest.xml:29:13-36
57            android:theme="@android:style/Theme" >
57-->[androidx.test:core:1.4.0] AndroidManifest.xml:30:13-49
58            <intent-filter>
58-->[androidx.test:core:1.4.0] AndroidManifest.xml:31:13-33:29
59                <action android:name="android.intent.action.MAIN" />
59-->src/main/AndroidManifest.xml:19:17-69
59-->src/main/AndroidManifest.xml:19:25-66
60            </intent-filter>
61        </activity>
62        <activity
62-->[androidx.test:core:1.4.0] AndroidManifest.xml:35:9-42:20
63            android:name="androidx.test.core.app.InstrumentationActivityInvoker$EmptyActivity"
63-->[androidx.test:core:1.4.0] AndroidManifest.xml:36:13-95
64            android:exported="true"
64-->[androidx.test:core:1.4.0] AndroidManifest.xml:37:13-36
65            android:theme="@android:style/Theme" >
65-->[androidx.test:core:1.4.0] AndroidManifest.xml:38:13-49
66            <intent-filter>
66-->[androidx.test:core:1.4.0] AndroidManifest.xml:31:13-33:29
67                <action android:name="android.intent.action.MAIN" />
67-->src/main/AndroidManifest.xml:19:17-69
67-->src/main/AndroidManifest.xml:19:25-66
68            </intent-filter>
69        </activity>
70        <activity
70-->[androidx.test:core:1.4.0] AndroidManifest.xml:43:9-50:20
71            android:name="androidx.test.core.app.InstrumentationActivityInvoker$EmptyFloatingActivity"
71-->[androidx.test:core:1.4.0] AndroidManifest.xml:44:13-103
72            android:exported="true"
72-->[androidx.test:core:1.4.0] AndroidManifest.xml:45:13-36
73            android:theme="@android:style/Theme.Dialog" >
73-->[androidx.test:core:1.4.0] AndroidManifest.xml:46:13-56
74            <intent-filter>
74-->[androidx.test:core:1.4.0] AndroidManifest.xml:31:13-33:29
75                <action android:name="android.intent.action.MAIN" />
75-->src/main/AndroidManifest.xml:19:17-69
75-->src/main/AndroidManifest.xml:19:25-66
76            </intent-filter>
77        </activity>
78    </application>
79
80</manifest>